[01m[K/home/alessio/RobotProgrammingProject/project_workspace/src/nodes_package/src/sender.cpp:[m[K In function ‘[01m[KEigen::Matrix2f solveSystem(double, double, double, double, double, double)[m[K’:
[01m[K/home/alessio/RobotProgrammingProject/project_workspace/src/nodes_package/src/sender.cpp:40:18:[m[K [01;31m[Kerror: [m[K‘[01m[KEigen::MatrixBase<Derived>::bdcSvd(unsigned int) const [with Derived = Eigen::Matrix<double, 2, 2>; typename Eigen::DenseBase<Derived>::PlainObject = Eigen::Matrix<double, 2, 2>][m[K’ is not a template [[01;31m[K-fpermissive[m[K]
   40 |   x = A.template [01;31m[KbdcSvd[m[K<Eigen::ComputeThinU | Eigen::ComputeThinV>().solve(b)
      |                  [01;31m[K^~~~~~[m[K
[01m[K/home/alessio/RobotProgrammingProject/project_workspace/src/nodes_package/src/sender.cpp:40:24:[m[K [01;31m[Kerror: [m[Kinvalid use of non-static member function ‘[01m[KEigen::BDCSVD<typename Eigen::DenseBase<Derived>::PlainObject> Eigen::MatrixBase<Derived>::bdcSvd(unsigned int) const [with Derived = Eigen::Matrix<double, 2, 2>; typename Eigen::DenseBase<Derived>::PlainObject = Eigen::Matrix<double, 2, 2>][m[K’
   40 |   x = [01;31m[KA.template bdcSvd<Eigen::ComputeThinU[m[K | Eigen::ComputeThinV>().solve(b)
      |       [01;31m[K~~~~~~~~~~~~~~~~~^~~~~~~~~~~~~~~~~~~~[m[K
In file included from [01m[K/usr/include/eigen3/Eigen/SVD:38[m[K,
                 from [01m[K/usr/include/eigen3/Eigen/Dense:5[m[K,
                 from [01m[K/home/alessio/RobotProgrammingProject/project_workspace/src/nodes_package/src/sender.cpp:8[m[K:
[01m[K/usr/include/eigen3/Eigen/src/SVD/BDCSVD.h:1238:1:[m[K [01;36m[Knote: [m[Kdeclared here
 1238 | [01;36m[KMatrixBase<Derived>[m[K::bdcSvd(unsigned int computationOptions) const
      | [01;36m[K^~~~~~~~~~~~~~~~~~~[m[K
[01m[K/home/alessio/RobotProgrammingProject/project_workspace/src/nodes_package/src/sender.cpp:40:68:[m[K [01;31m[Kerror: [m[Kexpected primary-expression before ‘[01m[K)[m[K’ token
   40 |   x = A.template bdcSvd<Eigen::ComputeThinU | Eigen::ComputeThinV>([01;31m[K)[m[K.solve(b)
      |                                                                    [01;31m[K^[m[K
[01m[K/home/alessio/RobotProgrammingProject/project_workspace/src/nodes_package/src/sender.cpp:42:1:[m[K [01;35m[Kwarning: [m[Kno return statement in function returning non-void [[01;35m[K-Wreturn-type[m[K]
   42 | [01;35m[K}[m[K
      | [01;35m[K^[m[K
make[2]: *** [CMakeFiles/sender.dir/build.make:63: CMakeFiles/sender.dir/src/sender.cpp.o] Error 1
make[1]: *** [CMakeFiles/Makefile2:165: CMakeFiles/sender.dir/all] Error 2
make: *** [Makefile:141: all] Error 2
