[01m[K/home/alessio/RobotProgrammingProject/project_workspace/src/nodes_package/src/sender.cpp:112:35:[m[K [01;31m[Kerror: [m[Kexpected ‘[01m[K)[m[K’ before ‘[01m[K;[m[K’ token
  112 | void inverseKinematics[34m[K([m[KRobot_arm r[01;31m[K;[m[Kros::Publisher joint1,ros::Publisher joint2,ros::Publisher joint3,bool analytical){
      |                       [34m[K~[m[K           [01;31m[K^[m[K
      |                                   [32m[K)[m[K
[01m[K/home/alessio/RobotProgrammingProject/project_workspace/src/nodes_package/src/sender.cpp:112:73:[m[K [01;31m[Kerror: [m[Kexpected initializer before ‘[01m[Kjoint2[m[K’
  112 | void inverseKinematics(Robot_arm r;ros::Publisher joint1,ros::Publisher [01;31m[Kjoint2[m[K,ros::Publisher joint3,bool analytical){
      |                                                                         [01;31m[K^~~~~~[m[K
[01m[K/home/alessio/RobotProgrammingProject/project_workspace/src/nodes_package/src/sender.cpp:[m[K In function ‘[01m[Kint main(int, char**)[m[K’:
[01m[K/home/alessio/RobotProgrammingProject/project_workspace/src/nodes_package/src/sender.cpp:227:54:[m[K [01;31m[Kerror: [m[Ktoo many arguments to function ‘[01m[Kvoid inverseKinematics(Robot_arm)[m[K’
  227 |         inverseKinematics(r,joint1,joint2,joint3,true[01;31m[K)[m[K;
      |                                                      [01;31m[K^[m[K
[01m[K/home/alessio/RobotProgrammingProject/project_workspace/src/nodes_package/src/sender.cpp:112:6:[m[K [01;36m[Knote: [m[Kdeclared here
  112 | void [01;36m[KinverseKinematics[m[K(Robot_arm r;ros::Publisher joint1,ros::Publisher joint2,ros::Publisher joint3,bool analytical){
      |      [01;36m[K^~~~~~~~~~~~~~~~~[m[K
[01m[K/home/alessio/RobotProgrammingProject/project_workspace/src/nodes_package/src/sender.cpp:232:55:[m[K [01;31m[Kerror: [m[Ktoo many arguments to function ‘[01m[Kvoid inverseKinematics(Robot_arm)[m[K’
  232 |         inverseKinematics(r,joint1,joint2,joint3,false[01;31m[K)[m[K;
      |                                                       [01;31m[K^[m[K
[01m[K/home/alessio/RobotProgrammingProject/project_workspace/src/nodes_package/src/sender.cpp:112:6:[m[K [01;36m[Knote: [m[Kdeclared here
  112 | void [01;36m[KinverseKinematics[m[K(Robot_arm r;ros::Publisher joint1,ros::Publisher joint2,ros::Publisher joint3,bool analytical){
      |      [01;36m[K^~~~~~~~~~~~~~~~~[m[K
make[2]: *** [CMakeFiles/sender.dir/build.make:63: CMakeFiles/sender.dir/src/sender.cpp.o] Error 1
make[1]: *** [CMakeFiles/Makefile2:165: CMakeFiles/sender.dir/all] Error 2
make: *** [Makefile:141: all] Error 2
