[01m[K/home/alessio/RobotProgrammingProject/project_workspace/src/nodes_package/src/sender.cpp:[m[K In function ‘[01m[Kvoid inverseKinematics(Robot3R, ros::Publisher, ros::Publisher, ros::Publisher, bool)[m[K’:
[01m[K/home/alessio/RobotProgrammingProject/project_workspace/src/nodes_package/src/sender.cpp:151:32:[m[K [01;31m[Kerror: [m[Kcould not convert ‘[01m[K(double*)(& q)[m[K’ from ‘[01m[Kdouble*[m[K’ to ‘[01m[KEigen::Vector3d[m[K’ {aka ‘[01m[KEigen::Matrix<double, 3, 1>[m[K’}
  151 |             publishJointValues([01;31m[Kq[m[K,joint1,joint2,joint3);
      |                                [01;31m[K^[m[K
      |                                [01;31m[K|[m[K
      |                                [01;31m[Kdouble*[m[K
[01m[K/home/alessio/RobotProgrammingProject/project_workspace/src/nodes_package/src/sender.cpp:160:32:[m[K [01;31m[Kerror: [m[Kcould not convert ‘[01m[K(double*)(& q)[m[K’ from ‘[01m[Kdouble*[m[K’ to ‘[01m[KEigen::Vector3d[m[K’ {aka ‘[01m[KEigen::Matrix<double, 3, 1>[m[K’}
  160 |             publishJointValues([01;31m[Kq[m[K,joint1,joint2,joint3);
      |                                [01;31m[K^[m[K
      |                                [01;31m[K|[m[K
      |                                [01;31m[Kdouble*[m[K
[01m[K/home/alessio/RobotProgrammingProject/project_workspace/src/nodes_package/src/sender.cpp:169:32:[m[K [01;31m[Kerror: [m[Kcould not convert ‘[01m[K(double*)(& q)[m[K’ from ‘[01m[Kdouble*[m[K’ to ‘[01m[KEigen::Vector3d[m[K’ {aka ‘[01m[KEigen::Matrix<double, 3, 1>[m[K’}
  169 |             publishJointValues([01;31m[Kq[m[K,joint1,joint2,joint3);
      |                                [01;31m[K^[m[K
      |                                [01;31m[K|[m[K
      |                                [01;31m[Kdouble*[m[K
[01m[K/home/alessio/RobotProgrammingProject/project_workspace/src/nodes_package/src/sender.cpp:178:32:[m[K [01;31m[Kerror: [m[Kcould not convert ‘[01m[K(double*)(& q)[m[K’ from ‘[01m[Kdouble*[m[K’ to ‘[01m[KEigen::Vector3d[m[K’ {aka ‘[01m[KEigen::Matrix<double, 3, 1>[m[K’}
  178 |             publishJointValues([01;31m[Kq[m[K,joint1,joint2,joint3);
      |                                [01;31m[K^[m[K
      |                                [01;31m[K|[m[K
      |                                [01;31m[Kdouble*[m[K
make[2]: *** [CMakeFiles/sender.dir/build.make:63: CMakeFiles/sender.dir/src/sender.cpp.o] Error 1
make[1]: *** [CMakeFiles/Makefile2:165: CMakeFiles/sender.dir/all] Error 2
make: *** [Makefile:141: all] Error 2
