[35m[1mScanning dependencies of target sender[0m
[ 50%] [32mBuilding CXX object CMakeFiles/sender.dir/src/sender.cpp.o[0m
[01m[K/home/alessio/RobotProgrammingProject/project_workspace/src/nodes_package/src/sender.cpp:[m[K In function ‘[01m[Kint main(int, char**)[m[K’:
[01m[K/home/alessio/RobotProgrammingProject/project_workspace/src/nodes_package/src/sender.cpp:166:37:[m[K [01;31m[Kerror: [m[Kinvalid user-defined conversion from ‘[01m[Kros::Publisher[m[K’ to ‘[01m[Kdouble*[m[K’ [[01;31m[K-fpermissive[m[K]
  166 |         analyticalInverseKinematics([01;31m[Kjoint1[m[K,joint2,joint3);
      |                                     [01;31m[K^~~~~~[m[K
In file included from [01m[K/opt/ros/noetic/include/ros/node_handle.h:32[m[K,
                 from [01m[K/opt/ros/noetic/include/ros/ros.h:45[m[K,
                 from [01m[K/home/alessio/RobotProgrammingProject/project_workspace/src/nodes_package/src/sender.cpp:1[m[K:
[01m[K/opt/ros/noetic/include/ros/publisher.h:156:5:[m[K [01;36m[Knote: [m[Kcandidate is: ‘[01m[Kros::Publisher::operator void*() const[m[K’ <near match>
  156 |     [01;36m[Koperator[m[K void*() const { return (impl_ && impl_->isValid()) ? (void*)1 : (void*)0; }
      |     [01;36m[K^~~~~~~~[m[K
[01m[K/opt/ros/noetic/include/ros/publisher.h:156:5:[m[K [01;36m[Knote: [m[K  no known conversion from ‘[01m[Kvoid*[m[K’ to ‘[01m[Kdouble*[m[K’
[01m[K/home/alessio/RobotProgrammingProject/project_workspace/src/nodes_package/src/sender.cpp:166:44:[m[K [01;31m[Kerror: [m[Kinvalid initialization of reference of type ‘[01m[KEigen::Matrix<double, 4, 3>&[m[K’ from expression of type ‘[01m[Kros::Publisher[m[K’
  166 |         analyticalInverseKinematics(joint1,[01;31m[Kjoint2[m[K,joint3);
      |                                            [01;31m[K^~~~~~[m[K
[01m[K/home/alessio/RobotProgrammingProject/project_workspace/src/nodes_package/src/sender.cpp:47:72:[m[K [01;36m[Knote: [m[Kin passing argument 2 of ‘[01m[Kbool analyticalInverseKinematics(double*, Eigen::Matrix<double, 4, 3>&)[m[K’
   47 | bool analyticalInverseKinematics(double coords[],[01;36m[KMatrix<double, 4, 3> &qsolutions[m[K){
      |                                                  [01;36m[K~~~~~~~~~~~~~~~~~~~~~~^~~~~~~~~~[m[K
make[2]: *** [CMakeFiles/sender.dir/build.make:63: CMakeFiles/sender.dir/src/sender.cpp.o] Error 1
make[1]: *** [CMakeFiles/Makefile2:165: CMakeFiles/sender.dir/all] Error 2
make: *** [Makefile:141: all] Error 2
