/usr/bin/ld: CMakeFiles/receiver.dir/src/receiver.cpp.o: in function `main':
receiver.cpp:(.text+0xe7): undefined reference to `ros::init(int&, char**, std::__cxx11::basic_string<char, std::char_traits<char>, std::allocator<char> > const&, unsigned int)'
/usr/bin/ld: receiver.cpp:(.text+0x179): undefined reference to `ros::NodeHandle::NodeHandle(std::__cxx11::basic_string<char, std::char_traits<char>, std::allocator<char> > const&, std::map<std::__cxx11::basic_string<char, std::char_traits<char>, std::allocator<char> >, std::__cxx11::basic_string<char, std::char_traits<char>, std::allocator<char> >, std::less<std::__cxx11::basic_string<char, std::char_traits<char>, std::allocator<char> > >, std::allocator<std::pair<std::__cxx11::basic_string<char, std::char_traits<char>, std::allocator<char> > const, std::__cxx11::basic_string<char, std::char_traits<char>, std::allocator<char> > > > > const&)'
/usr/bin/ld: receiver.cpp:(.text+0x2c2): undefined reference to `ros::spin()'
/usr/bin/ld: receiver.cpp:(.text+0x2d6): undefined reference to `ros::Subscriber::~Subscriber()'
/usr/bin/ld: receiver.cpp:(.text+0x2e5): undefined reference to `ros::NodeHandle::~NodeHandle()'
/usr/bin/ld: receiver.cpp:(.text+0x3bd): undefined reference to `ros::Subscriber::~Subscriber()'
/usr/bin/ld: receiver.cpp:(.text+0x3cc): undefined reference to `ros::NodeHandle::~NodeHandle()'
/usr/bin/ld: CMakeFiles/receiver.dir/src/receiver.cpp.o: in function `ros::Subscriber ros::NodeHandle::subscribe<std_msgs::Float64_<std::allocator<void> > const&>(std::__cxx11::basic_string<char, std::char_traits<char>, std::allocator<char> > const&, unsigned int, void (*)(std_msgs::Float64_<std::allocator<void> > const&), ros::TransportHints const&)':
receiver.cpp:(.text._ZN3ros10NodeHandle9subscribeIRKN8std_msgs8Float64_ISaIvEEEEENS_10SubscriberERKNSt7__cxx1112basic_stringIcSt11char_traitsIcESaIcEEEjPFvT_ERKNS_14TransportHintsE[_ZN3ros10NodeHandle9subscribeIRKN8std_msgs8Float64_ISaIvEEEEENS_10SubscriberERKNSt7__cxx1112basic_stringIcSt11char_traitsIcESaIcEEEjPFvT_ERKNS_14TransportHintsE]+0x110): undefined reference to `ros::NodeHandle::subscribe(ros::SubscribeOptions&)'
/usr/bin/ld: CMakeFiles/receiver.dir/src/receiver.cpp.o: in function `ros::SubscriptionCallbackHelperT<std_msgs::Float64_<std::allocator<void> > const&, void>::deserialize(ros::SubscriptionCallbackHelperDeserializeParams const&)':
receiver.cpp:(.text._ZN3ros27SubscriptionCallbackHelperTIRKN8std_msgs8Float64_ISaIvEEEvE11deserializeERKNS_43SubscriptionCallbackHelperDeserializeParamsE[_ZN3ros27SubscriptionCallbackHelperTIRKN8std_msgs8Float64_ISaIvEEEvE11deserializeERKNS_43SubscriptionCallbackHelperDeserializeParamsE]+0x65): undefined reference to `ros::console::g_initialized'
/usr/bin/ld: receiver.cpp:(.text._ZN3ros27SubscriptionCallbackHelperTIRKN8std_msgs8Float64_ISaIvEEEvE11deserializeERKNS_43SubscriptionCallbackHelperDeserializeParamsE[_ZN3ros27SubscriptionCallbackHelperTIRKN8std_msgs8Float64_ISaIvEEEvE11deserializeERKNS_43SubscriptionCallbackHelperDeserializeParamsE]+0x75): undefined reference to `ros::console::initialize()'
/usr/bin/ld: receiver.cpp:(.text._ZN3ros27SubscriptionCallbackHelperTIRKN8std_msgs8Float64_ISaIvEEEvE11deserializeERKNS_43SubscriptionCallbackHelperDeserializeParamsE[_ZN3ros27SubscriptionCallbackHelperTIRKN8std_msgs8Float64_ISaIvEEEvE11deserializeERKNS_43SubscriptionCallbackHelperDeserializeParamsE]+0xc2): undefined reference to `ros::console::initializeLogLocation(ros::console::LogLocation*, std::__cxx11::basic_string<char, std::char_traits<char>, std::allocator<char> > const&, ros::console::levels::Level)'
/usr/bin/ld: receiver.cpp:(.text._ZN3ros27SubscriptionCallbackHelperTIRKN8std_msgs8Float64_ISaIvEEEvE11deserializeERKNS_43SubscriptionCallbackHelperDeserializeParamsE[_ZN3ros27SubscriptionCallbackHelperTIRKN8std_msgs8Float64_ISaIvEEEvE11deserializeERKNS_43SubscriptionCallbackHelperDeserializeParamsE]+0xfe): undefined reference to `ros::console::setLogLocationLevel(ros::console::LogLocation*, ros::console::levels::Level)'
/usr/bin/ld: receiver.cpp:(.text._ZN3ros27SubscriptionCallbackHelperTIRKN8std_msgs8Float64_ISaIvEEEvE11deserializeERKNS_43SubscriptionCallbackHelperDeserializeParamsE[_ZN3ros27SubscriptionCallbackHelperTIRKN8std_msgs8Float64_ISaIvEEEvE11deserializeERKNS_43SubscriptionCallbackHelperDeserializeParamsE]+0x10a): undefined reference to `ros::console::checkLogLocationEnabled(ros::console::LogLocation*)'
/usr/bin/ld: receiver.cpp:(.text._ZN3ros27SubscriptionCallbackHelperTIRKN8std_msgs8Float64_ISaIvEEEvE11deserializeERKNS_43SubscriptionCallbackHelperDeserializeParamsE[_ZN3ros27SubscriptionCallbackHelperTIRKN8std_msgs8Float64_ISaIvEEEvE11deserializeERKNS_43SubscriptionCallbackHelperDeserializeParamsE]+0x187): undefined reference to `ros::console::print(ros::console::FilterBase*, void*, ros::console::levels::Level, char const*, int, char const*, char const*, ...)'
/usr/bin/ld: CMakeFiles/receiver.dir/src/receiver.cpp.o: in function `void ros::serialization::Serializer<double>::read<ros::serialization::IStream>(ros::serialization::IStream&, double&)':
receiver.cpp:(.text._ZN3ros13serialization10SerializerIdE4readINS0_7IStreamEEEvRT_Rd[_ZN3ros13serialization10SerializerIdE4readINS0_7IStreamEEEvRT_Rd]+0x57): undefined reference to `ros::serialization::throwStreamOverrun()'
collect2: error: ld returned 1 exit status
make[2]: *** [CMakeFiles/receiver.dir/build.make:84: /home/alessio/RobotProgrammingProject/project_workspace/devel/.private/nodes_package/lib/nodes_package/receiver] Error 1
make[1]: *** [CMakeFiles/Makefile2:167: CMakeFiles/receiver.dir/all] Error 2
make: *** [Makefile:141: all] Error 2
