[01m[K/home/alessio/RobotProgrammingProject/project_workspace/src/nodes_package/src/receiver.cpp:[m[K In function ‘[01m[Kvoid linksCallback(const LinkStates&)[m[K’:
[01m[K/home/alessio/RobotProgrammingProject/project_workspace/src/nodes_package/src/receiver.cpp:23:28:[m[K [01;31m[Kerror: [m[Kno matching function for call to ‘[01m[Kfloor(const value_type&)[m[K’
   23 |   cout << floor(msg.pose[3][01;31m[K)[m[K << endl;
      |                            [01;31m[K^[m[K
In file included from [01m[K/usr/include/features.h:461[m[K,
                 from [01m[K/usr/include/x86_64-linux-gnu/c++/9/bits/os_defines.h:39[m[K,
                 from [01m[K/usr/include/x86_64-linux-gnu/c++/9/bits/c++config.h:528[m[K,
                 from [01m[K/usr/include/c++/9/cstdlib:41[m[K,
                 from [01m[K/usr/include/c++/9/stdlib.h:36[m[K,
                 from [01m[K/opt/ros/noetic/include/ros/platform.h:37[m[K,
                 from [01m[K/opt/ros/noetic/include/ros/time.h:53[m[K,
                 from [01m[K/opt/ros/noetic/include/ros/ros.h:38[m[K,
                 from [01m[K/home/alessio/RobotProgrammingProject/project_workspace/src/nodes_package/src/receiver.cpp:1[m[K:
[01m[K/usr/include/x86_64-linux-gnu/bits/mathcalls.h:165:1:[m[K [01;36m[Knote: [m[Kcandidate: ‘[01m[Kdouble floor(double)[m[K’
  165 | [01;36m[K__MATHCALLX[m[K (floor,, (_Mdouble_ __x), (__const__));
      | [01;36m[K^~~~~~~~~~~[m[K
In file included from [01m[K/usr/include/c++/9/cmath:45[m[K,
                 from [01m[K/opt/ros/noetic/include/ros/time.h:55[m[K,
                 from [01m[K/opt/ros/noetic/include/ros/ros.h:38[m[K,
                 from [01m[K/home/alessio/RobotProgrammingProject/project_workspace/src/nodes_package/src/receiver.cpp:1[m[K:
[01m[K/usr/include/x86_64-linux-gnu/bits/mathcalls.h:165:1:[m[K [01;36m[Knote: [m[K  no known conversion for argument 1 from ‘[01m[Kconst value_type[m[K’ {aka ‘[01m[Kconst geometry_msgs::Pose_<std::allocator<void> >[m[K’} to ‘[01m[Kdouble[m[K’
  165 | [01;36m[K_[m[K_MATHCALLX (floor,, (_Mdouble_ __x), (__const__));
      | [01;36m[K^[m[K
In file included from [01m[K/opt/ros/noetic/include/ros/time.h:55[m[K,
                 from [01m[K/opt/ros/noetic/include/ros/ros.h:38[m[K,
                 from [01m[K/home/alessio/RobotProgrammingProject/project_workspace/src/nodes_package/src/receiver.cpp:1[m[K:
[01m[K/usr/include/c++/9/cmath:272:5:[m[K [01;36m[Knote: [m[Kcandidate: ‘[01m[Ktemplate<class _Tp> constexpr typename __gnu_cxx::__enable_if<std::__is_integer<_Tp>::__value, double>::__type std::floor(_Tp)[m[K’
  272 |     [01;36m[Kfloor[m[K(_Tp __x)
      |     [01;36m[K^~~~~[m[K
[01m[K/usr/include/c++/9/cmath:272:5:[m[K [01;36m[Knote: [m[K  template argument deduction/substitution failed:
/usr/include/c++/9/cmath: In substitution of ‘[01m[Ktemplate<class _Tp> constexpr typename __gnu_cxx::__enable_if<std::__is_integer<_Tp>::__value, double>::__type std::floor(_Tp) [with _Tp = geometry_msgs::Pose_<std::allocator<void> >][m[K’:
[01m[K/home/alessio/RobotProgrammingProject/project_workspace/src/nodes_package/src/receiver.cpp:23:28:[m[K   required from here
[01m[K/usr/include/c++/9/cmath:272:5:[m[K [01;31m[Kerror: [m[Kno type named ‘[01m[K__type[m[K’ in ‘[01m[Kstruct __gnu_cxx::__enable_if<false, double>[m[K’
[01m[K/usr/include/c++/9/cmath:264:3:[m[K [01;36m[Knote: [m[Kcandidate: ‘[01m[Kconstexpr long double std::floor(long double)[m[K’
  264 |   [01;36m[Kfloor[m[K(long double __x)
      |   [01;36m[K^~~~~[m[K
[01m[K/usr/include/c++/9/cmath:264:21:[m[K [01;36m[Knote: [m[K  no known conversion for argument 1 from ‘[01m[Kconst value_type[m[K’ {aka ‘[01m[Kconst geometry_msgs::Pose_<std::allocator<void> >[m[K’} to ‘[01m[Klong double[m[K’
  264 |   floor([01;36m[Klong double __x[m[K)
      |         [01;36m[K~~~~~~~~~~~~^~~[m[K
[01m[K/usr/include/c++/9/cmath:260:3:[m[K [01;36m[Knote: [m[Kcandidate: ‘[01m[Kconstexpr float std::floor(float)[m[K’
  260 |   [01;36m[Kfloor[m[K(float __x)
      |   [01;36m[K^~~~~[m[K
[01m[K/usr/include/c++/9/cmath:260:15:[m[K [01;36m[Knote: [m[K  no known conversion for argument 1 from ‘[01m[Kconst value_type[m[K’ {aka ‘[01m[Kconst geometry_msgs::Pose_<std::allocator<void> >[m[K’} to ‘[01m[Kfloat[m[K’
  260 |   floor([01;36m[Kfloat __x[m[K)
      |         [01;36m[K~~~~~~^~~[m[K
make[2]: *** [CMakeFiles/receiver.dir/build.make:63: CMakeFiles/receiver.dir/src/receiver.cpp.o] Error 1
make[1]: *** [CMakeFiles/Makefile2:236: CMakeFiles/receiver.dir/all] Error 2
make: *** [Makefile:141: all] Error 2
