In file included from [01m[K/home/alessio/RobotProgrammingProject/project_workspace/src/nodes_package/src/sender.cpp:9[m[K:
[01m[K/home/alessio/RobotProgrammingProject/project_workspace/src/nodes_package/src/Robot_arm.cpp:[m[K In member function ‘[01m[KEigen::Vector3d Robot3R::directKinematics(double*)[m[K’:
[01m[K/home/alessio/RobotProgrammingProject/project_workspace/src/nodes_package/src/Robot_arm.cpp:29:5:[m[K [01;31m[Kerror: [m[K‘[01m[Kq1[m[K’ was not declared in this scope; did you mean ‘[01m[Ky1[m[K’?
   29 |     [01;31m[Kq1[m[K = q(0);
      |     [01;31m[K^~[m[K
      |     [32m[Ky1[m[K
[01m[K/home/alessio/RobotProgrammingProject/project_workspace/src/nodes_package/src/Robot_arm.cpp:29:13:[m[K [01;31m[Kerror: [m[K‘[01m[Kq[m[K’ cannot be used as a function
   29 |     q1 = q(0[01;31m[K)[m[K;
      |             [01;31m[K^[m[K
[01m[K/home/alessio/RobotProgrammingProject/project_workspace/src/nodes_package/src/Robot_arm.cpp:30:5:[m[K [01;31m[Kerror: [m[K‘[01m[Kq2[m[K’ was not declared in this scope; did you mean ‘[01m[Kl2[m[K’?
   30 |     [01;31m[Kq2[m[K = q(1);
      |     [01;31m[K^~[m[K
      |     [32m[Kl2[m[K
[01m[K/home/alessio/RobotProgrammingProject/project_workspace/src/nodes_package/src/Robot_arm.cpp:30:13:[m[K [01;31m[Kerror: [m[K‘[01m[Kq[m[K’ cannot be used as a function
   30 |     q2 = q(1[01;31m[K)[m[K;
      |             [01;31m[K^[m[K
[01m[K/home/alessio/RobotProgrammingProject/project_workspace/src/nodes_package/src/Robot_arm.cpp:31:5:[m[K [01;31m[Kerror: [m[K‘[01m[Kq3[m[K’ was not declared in this scope; did you mean ‘[01m[Kl3[m[K’?
   31 |     [01;31m[Kq3[m[K = q(2);
      |     [01;31m[K^~[m[K
      |     [32m[Kl3[m[K
[01m[K/home/alessio/RobotProgrammingProject/project_workspace/src/nodes_package/src/Robot_arm.cpp:31:13:[m[K [01;31m[Kerror: [m[K‘[01m[Kq[m[K’ cannot be used as a function
   31 |     q3 = q(2[01;31m[K)[m[K;
      |             [01;31m[K^[m[K
make[2]: *** [CMakeFiles/sender.dir/build.make:63: CMakeFiles/sender.dir/src/sender.cpp.o] Error 1
make[1]: *** [CMakeFiles/Makefile2:165: CMakeFiles/sender.dir/all] Error 2
make: *** [Makefile:141: all] Error 2
