In file included from [01m[K/home/alessio/RobotProgrammingProject/project_workspace/src/nodes_package/src/sender.cpp:9[m[K:
[01m[K/home/alessio/RobotProgrammingProject/project_workspace/src/nodes_package/src/Robot_arm.cpp:[m[K In member function ‘[01m[KEigen::Vector3d Robot3R::newtonMethod(double*, double*)[m[K’:
[01m[K/home/alessio/RobotProgrammingProject/project_workspace/src/nodes_package/src/Robot_arm.cpp:57:25:[m[K [01;31m[Kerror: [m[K‘[01m[Kcoords[m[K’ was not declared in this scope; did you mean ‘[01m[Kcoords_[m[K’?
   57 |     rd << coords_[0] << [01;31m[Kcoords[m[K[_1] << coords_[2];
      |                         [01;31m[K^~~~~~[m[K
      |                         [32m[Kcoords_[m[K
[01m[K/home/alessio/RobotProgrammingProject/project_workspace/src/nodes_package/src/Robot_arm.cpp:68:9:[m[K [01;31m[Kerror: [m[Kno match for ‘[01m[Koperator=[m[K’ (operand types are ‘[01m[KEigen::Vector3d[m[K’ {aka ‘[01m[KEigen::Matrix<double, 3, 1>[m[K’} and ‘[01m[Kdouble [3][m[K’)
   68 |     q = [01;31m[Kq0[m[K
      |         [01;31m[K^~[m[K
In file included from [01m[K/usr/include/eigen3/Eigen/Core:458[m[K,
                 from [01m[K/usr/include/eigen3/Eigen/Dense:1[m[K,
                 from [01m[K/home/alessio/RobotProgrammingProject/project_workspace/src/nodes_package/src/sender.cpp:8[m[K:
[01m[K/usr/include/eigen3/Eigen/src/Core/Matrix.h:206:33:[m[K [01;36m[Knote: [m[Kcandidate: ‘[01m[KEigen::Matrix<_Scalar, _Rows, _Cols, _Options, _MaxRows, _MaxCols>& Eigen::Matrix<_Scalar, _Rows, _Cols, _Options, _MaxRows, _MaxCols>::operator=(const Eigen::Matrix<_Scalar, _Rows, _Cols, _Options, _MaxRows, _MaxCols>&) [with _Scalar = double; int _Rows = 3; int _Cols = 1; int _Options = 0; int _MaxRows = 3; int _MaxCols = 1][m[K’
  206 |     EIGEN_STRONG_INLINE Matrix& [01;36m[Koperator[m[K=(const Matrix& other)
      |                                 [01;36m[K^~~~~~~~[m[K
[01m[K/usr/include/eigen3/Eigen/src/Core/Matrix.h:206:57:[m[K [01;36m[Knote: [m[K  no known conversion for argument 1 from ‘[01m[Kdouble [3][m[K’ to ‘[01m[Kconst Eigen::Matrix<double, 3, 1>&[m[K’
  206 |     EIGEN_STRONG_INLINE Matrix& operator=([01;36m[Kconst Matrix& other[m[K)
      |                                           [01;36m[K~~~~~~~~~~~~~~^~~~~[m[K
[01m[K/usr/include/eigen3/Eigen/src/Core/Matrix.h:223:33:[m[K [01;36m[Knote: [m[Kcandidate: ‘[01m[Ktemplate<class OtherDerived> Eigen::Matrix<_Scalar, _Rows, _Cols, _Options, _MaxRows, _MaxCols>& Eigen::Matrix<_Scalar, _Rows, _Cols, _Options, _MaxRows, _MaxCols>::operator=(const Eigen::DenseBase<OtherDerived>&) [with OtherDerived = OtherDerived; _Scalar = double; int _Rows = 3; int _Cols = 1; int _Options = 0; int _MaxRows = 3; int _MaxCols = 1][m[K’
  223 |     EIGEN_STRONG_INLINE Matrix& [01;36m[Koperator[m[K=(const DenseBase<OtherDerived>& other)
      |                                 [01;36m[K^~~~~~~~[m[K
[01m[K/usr/include/eigen3/Eigen/src/Core/Matrix.h:223:33:[m[K [01;36m[Knote: [m[K  template argument deduction/substitution failed:
In file included from [01m[K/home/alessio/RobotProgrammingProject/project_workspace/src/nodes_package/src/sender.cpp:9[m[K:
[01m[K/home/alessio/RobotProgrammingProject/project_workspace/src/nodes_package/src/Robot_arm.cpp:68:9:[m[K [01;36m[Knote: [m[K  mismatched types ‘[01m[Kconst Eigen::DenseBase<Derived>[m[K’ and ‘[01m[Kdouble [3][m[K’
   68 |     q = [01;36m[Kq0[m[K
      |         [01;36m[K^~[m[K
In file included from [01m[K/usr/include/eigen3/Eigen/Core:458[m[K,
                 from [01m[K/usr/include/eigen3/Eigen/Dense:1[m[K,
                 from [01m[K/home/alessio/RobotProgrammingProject/project_workspace/src/nodes_package/src/sender.cpp:8[m[K:
[01m[K/usr/include/eigen3/Eigen/src/Core/Matrix.h:236:33:[m[K [01;36m[Knote: [m[Kcandidate: ‘[01m[Ktemplate<class OtherDerived> Eigen::Matrix<_Scalar, _Rows, _Cols, _Options, _MaxRows, _MaxCols>& Eigen::Matrix<_Scalar, _Rows, _Cols, _Options, _MaxRows, _MaxCols>::operator=(const Eigen::EigenBase<OtherDerived>&) [with OtherDerived = OtherDerived; _Scalar = double; int _Rows = 3; int _Cols = 1; int _Options = 0; int _MaxRows = 3; int _MaxCols = 1][m[K’
  236 |     EIGEN_STRONG_INLINE Matrix& [01;36m[Koperator[m[K=(const EigenBase<OtherDerived> &other)
      |                                 [01;36m[K^~~~~~~~[m[K
[01m[K/usr/include/eigen3/Eigen/src/Core/Matrix.h:236:33:[m[K [01;36m[Knote: [m[K  template argument deduction/substitution failed:
In file included from [01m[K/home/alessio/RobotProgrammingProject/project_workspace/src/nodes_package/src/sender.cpp:9[m[K:
[01m[K/home/alessio/RobotProgrammingProject/project_workspace/src/nodes_package/src/Robot_arm.cpp:68:9:[m[K [01;36m[Knote: [m[K  mismatched types ‘[01m[Kconst Eigen::EigenBase<Derived>[m[K’ and ‘[01m[Kdouble [3][m[K’
   68 |     q = [01;36m[Kq0[m[K
      |         [01;36m[K^~[m[K
In file included from [01m[K/usr/include/eigen3/Eigen/Core:458[m[K,
                 from [01m[K/usr/include/eigen3/Eigen/Dense:1[m[K,
                 from [01m[K/home/alessio/RobotProgrammingProject/project_workspace/src/nodes_package/src/sender.cpp:8[m[K:
[01m[K/usr/include/eigen3/Eigen/src/Core/Matrix.h:243:33:[m[K [01;36m[Knote: [m[Kcandidate: ‘[01m[Ktemplate<class OtherDerived> Eigen::Matrix<_Scalar, _Rows, _Cols, _Options, _MaxRows, _MaxCols>& Eigen::Matrix<_Scalar, _Rows, _Cols, _Options, _MaxRows, _MaxCols>::operator=(const Eigen::ReturnByValue<OtherDerived>&) [with OtherDerived = OtherDerived; _Scalar = double; int _Rows = 3; int _Cols = 1; int _Options = 0; int _MaxRows = 3; int _MaxCols = 1][m[K’
  243 |     EIGEN_STRONG_INLINE Matrix& [01;36m[Koperator[m[K=(const ReturnByValue<OtherDerived>& func)
      |                                 [01;36m[K^~~~~~~~[m[K
[01m[K/usr/include/eigen3/Eigen/src/Core/Matrix.h:243:33:[m[K [01;36m[Knote: [m[K  template argument deduction/substitution failed:
In file included from [01m[K/home/alessio/RobotProgrammingProject/project_workspace/src/nodes_package/src/sender.cpp:9[m[K:
[01m[K/home/alessio/RobotProgrammingProject/project_workspace/src/nodes_package/src/Robot_arm.cpp:68:9:[m[K [01;36m[Knote: [m[K  mismatched types ‘[01m[Kconst Eigen::ReturnByValue<Derived>[m[K’ and ‘[01m[Kdouble [3][m[K’
   68 |     q = [01;36m[Kq0[m[K
      |         [01;36m[K^~[m[K
In file included from [01m[K/usr/include/eigen3/Eigen/Core:458[m[K,
                 from [01m[K/usr/include/eigen3/Eigen/Dense:1[m[K,
                 from [01m[K/home/alessio/RobotProgrammingProject/project_workspace/src/nodes_package/src/sender.cpp:8[m[K:
[01m[K/usr/include/eigen3/Eigen/src/Core/Matrix.h:279:13:[m[K [01;36m[Knote: [m[Kcandidate: ‘[01m[KEigen::Matrix<_Scalar, _Rows, _Cols, _Options, _MaxRows, _MaxCols>& Eigen::Matrix<_Scalar, _Rows, _Cols, _Options, _MaxRows, _MaxCols>::operator=(Eigen::Matrix<_Scalar, _Rows, _Cols, _Options, _MaxRows, _MaxCols>&&) [with _Scalar = double; int _Rows = 3; int _Cols = 1; int _Options = 0; int _MaxRows = 3; int _MaxCols = 1][m[K’
  279 |     Matrix& [01;36m[Koperator[m[K=(Matrix&& other) EIGEN_NOEXCEPT_IF(std::is_nothrow_move_assignable<Scalar>::value)
      |             [01;36m[K^~~~~~~~[m[K
[01m[K/usr/include/eigen3/Eigen/src/Core/Matrix.h:279:32:[m[K [01;36m[Knote: [m[K  no known conversion for argument 1 from ‘[01m[Kdouble [3][m[K’ to ‘[01m[KEigen::Matrix<double, 3, 1>&&[m[K’
  279 |     Matrix& operator=([01;36m[KMatrix&& other[m[K) EIGEN_NOEXCEPT_IF(std::is_nothrow_move_assignable<Scalar>::value)
      |                       [01;36m[K~~~~~~~~~^~~~~[m[K
[01m[K/usr/include/eigen3/Eigen/src/Core/Matrix.h:390:13:[m[K [01;36m[Knote: [m[Kcandidate: ‘[01m[Ktemplate<class OtherDerived> Eigen::Matrix<_Scalar, _Rows, _Cols, _Options, _MaxRows, _MaxCols>& Eigen::Matrix<_Scalar, _Rows, _Cols, _Options, _MaxRows, _MaxCols>::operator=(const Eigen::RotationBase<OtherDerived, Eigen::Matrix<_Scalar, _Rows, _Cols, _Options, _MaxRows, _MaxCols>::ColsAtCompileTime>&) [with OtherDerived = OtherDerived; _Scalar = double; int _Rows = 3; int _Cols = 1; int _Options = 0; int _MaxRows = 3; int _MaxCols = 1][m[K’
  390 |     Matrix& [01;36m[Koperator[m[K=(const RotationBase<OtherDerived,ColsAtCompileTime>& r);
      |             [01;36m[K^~~~~~~~[m[K
[01m[K/usr/include/eigen3/Eigen/src/Core/Matrix.h:390:13:[m[K [01;36m[Knote: [m[K  template argument deduction/substitution failed:
In file included from [01m[K/home/alessio/RobotProgrammingProject/project_workspace/src/nodes_package/src/sender.cpp:9[m[K:
[01m[K/home/alessio/RobotProgrammingProject/project_workspace/src/nodes_package/src/Robot_arm.cpp:68:9:[m[K [01;36m[Knote: [m[K  mismatched types ‘[01m[Kconst Eigen::RotationBase<OtherDerived, 1>[m[K’ and ‘[01m[Kdouble [3][m[K’
   68 |     q = [01;36m[Kq0[m[K
      |         [01;36m[K^~[m[K
make[2]: *** [CMakeFiles/sender.dir/build.make:63: CMakeFiles/sender.dir/src/sender.cpp.o] Error 1
make[1]: *** [CMakeFiles/Makefile2:165: CMakeFiles/sender.dir/all] Error 2
make: *** [Makefile:141: all] Error 2
